<?xml version="1.0" encoding="UTF-8"?>
<!-- Generated by org.testng.reporters.JUnitXMLReporter -->
<testsuite hostname="DESKTOP-MO70P23" failures="0" tests="3" name="Command line test" time="18.872" errors="0" timestamp="7 Jun 2021 03:58:52 GMT">
  <testcase classname="myTestAutomation.tests.TestBasicFunctionChrome" name="" time="11.621"/>
  <testcase classname="myTestAutomation.tests.TestBasicFunctionChrome" name="" time="4.912"/>
  <testcase classname="myTestAutomation.tests.TestBasicFunctionChrome" name="" time="0.264"/>
</testsuite> <!-- Command line test -->
