<?xml version="1.0" encoding="UTF-8"?>
<testng-results total="3" passed="3" failed="0" skipped="0">
  <reporter-output>
  </reporter-output>
  <suite started-at="2021-06-07T03:58:33Z" name="myTestAutomation.tests.TestBasicFunctionChrome" finished-at="2021-06-07T03:58:52Z" duration-ms="18872">
    <groups>
      <group name="windows">
        <method signature="TestBasicFunctionChrome.test_Messages_AfterTimer()[pri:0, instance:myTestAutomation.tests.TestBasicFunctionChrome@ea1a8d5]" name="test_Messages_AfterTimer" class="myTestAutomation.tests.TestBasicFunctionChrome"/>
        <method signature="TestBasicFunctionChrome.test_Timer_Countdown()[pri:0, instance:myTestAutomation.tests.TestBasicFunctionChrome@ea1a8d5]" name="test_Timer_Countdown" class="myTestAutomation.tests.TestBasicFunctionChrome"/>
        <method signature="TestBasicFunctionChrome.test_WebPage_Load()[pri:0, instance:myTestAutomation.tests.TestBasicFunctionChrome@ea1a8d5]" name="test_WebPage_Load" class="myTestAutomation.tests.TestBasicFunctionChrome"/>
      </group> <!-- windows -->
    </groups>
    <test started-at="2021-06-07T03:58:33Z" name="Command line test" finished-at="2021-06-07T03:58:52Z" duration-ms="18872">
      <class name="myTestAutomation.tests.TestBasicFunctionChrome">
        <test-method is-config="true" signature="setup()[pri:0, instance:myTestAutomation.tests.TestBasicFunctionChrome@ea1a8d5]" started-at="2021-06-07T05:58:33Z" name="setup" test-instance-name="" finished-at="2021-06-07T05:58:35Z" duration-ms="2044" status="PASS">
          <reporter-output>
          </reporter-output>
        </test-method> <!-- setup -->
        <test-method signature="test_Messages_AfterTimer()[pri:0, instance:myTestAutomation.tests.TestBasicFunctionChrome@ea1a8d5]" started-at="2021-06-07T05:58:35Z" name="test_Messages_AfterTimer" test-instance-name="" finished-at="2021-06-07T05:58:47Z" duration-ms="11621" status="PASS">
          <reporter-output>
          </reporter-output>
        </test-method> <!-- test_Messages_AfterTimer -->
        <test-method signature="test_Timer_Countdown()[pri:0, instance:myTestAutomation.tests.TestBasicFunctionChrome@ea1a8d5]" started-at="2021-06-07T05:58:47Z" name="test_Timer_Countdown" test-instance-name="" finished-at="2021-06-07T05:58:52Z" duration-ms="4912" status="PASS">
          <reporter-output>
          </reporter-output>
        </test-method> <!-- test_Timer_Countdown -->
        <test-method signature="test_WebPage_Load()[pri:0, instance:myTestAutomation.tests.TestBasicFunctionChrome@ea1a8d5]" started-at="2021-06-07T05:58:52Z" name="test_WebPage_Load" test-instance-name="" finished-at="2021-06-07T05:58:52Z" duration-ms="264" status="PASS">
          <reporter-output>
          </reporter-output>
        </test-method> <!-- test_WebPage_Load -->
      </class> <!-- myTestAutomation.tests.TestBasicFunctionChrome -->
    </test> <!-- Command line test -->
  </suite> <!-- myTestAutomation.tests.TestBasicFunctionChrome -->
</testng-results>
